Release 14.7 - xst P.20131013 (nt64)
Copyright (c) 1995-2013 Xilinx, Inc.  All rights reserved.
--> Parameter TMPDIR set to xst/projnav.tmp


Total REAL time to Xst completion: 0.00 secs
Total CPU time to Xst completion: 0.07 secs
 
--> Parameter xsthdpdir set to xst


Total REAL time to Xst completion: 0.00 secs
Total CPU time to Xst completion: 0.07 secs
 
--> Reading design: top.prj

TABLE OF CONTENTS
  1) Synthesis Options Summary
  2) HDL Parsing
  3) HDL Elaboration
  4) HDL Synthesis
       4.1) HDL Synthesis Report
  5) Advanced HDL Synthesis
       5.1) Advanced HDL Synthesis Report
  6) Low Level Synthesis
  7) Partition Report
  8) Design Summary
       8.1) Primitive and Black Box Usage
       8.2) Device utilization summary
       8.3) Partition Resource Summary
       8.4) Timing Report
            8.4.1) Clock Information
            8.4.2) Asynchronous Control Signals Information
            8.4.3) Timing Summary
            8.4.4) Timing Details
            8.4.5) Cross Clock Domains Report


=========================================================================
*                      Synthesis Options Summary                        *
=========================================================================
---- Source Parameters
Input File Name                    : "top.prj"
Ignore Synthesis Constraint File   : NO

---- Target Parameters
Output File Name                   : "top"
Output Format                      : NGC
Target Device                      : xc6slx16-2-ftg256

---- Source Options
Top Module Name                    : top
Automatic FSM Extraction           : YES
FSM Encoding Algorithm             : Auto
Safe Implementation                : No
FSM Style                          : LUT
RAM Extraction                     : Yes
RAM Style                          : Auto
ROM Extraction                     : Yes
Shift Register Extraction          : YES
ROM Style                          : Auto
Resource Sharing                   : YES
Asynchronous To Synchronous        : NO
Shift Register Minimum Size        : 2
Use DSP Block                      : Auto
Automatic Register Balancing       : No

---- Target Options
LUT Combining                      : Auto
Reduce Control Sets                : Auto
Add IO Buffers                     : YES
Global Maximum Fanout              : 100000
Add Generic Clock Buffer(BUFG)     : 16
Register Duplication               : YES
Optimize Instantiated Primitives   : NO
Use Clock Enable                   : Auto
Use Synchronous Set                : Auto
Use Synchronous Reset              : Auto
Pack IO Registers into IOBs        : Auto
Equivalent register Removal        : YES

---- General Options
Optimization Goal                  : Speed
Optimization Effort                : 1
Power Reduction                    : NO
Keep Hierarchy                     : No
Netlist Hierarchy                  : As_Optimized
RTL Output                         : Yes
Global Optimization                : AllClockNets
Read Cores                         : YES
Write Timing Constraints           : NO
Cross Clock Analysis               : NO
Hierarchy Separator                : /
Bus Delimiter                      : <>
Case Specifier                     : Maintain
Slice Utilization Ratio            : 100
BRAM Utilization Ratio             : 100
DSP48 Utilization Ratio            : 100
Auto BRAM Packing                  : NO
Slice Utilization Ratio Delta      : 5

=========================================================================


=========================================================================
*                          HDL Parsing                                  *
=========================================================================
Analyzing Verilog file "D:\YandexDisk\BackUP\GitHub\LCNCBoard\RV901T\blink\blink.v" into library work
Parsing module <top>.

=========================================================================
*                            HDL Elaboration                            *
=========================================================================

Elaborating module <top>.

=========================================================================
*                           HDL Synthesis                               *
=========================================================================

Synthesizing Unit <top>.
    Related source file is "D:\YandexDisk\BackUP\GitHub\LCNCBoard\RV901T\blink\blink.v".
    Found 1-bit register for signal <user_led>.
    Found 33-bit register for signal <counter>.
    Found 33-bit adder for signal <counter[32]_GND_1_o_add_2_OUT> created at line 10.
    Found 33-bit comparator greater for signal <counter[32]_GND_1_o_LessThan_2_o> created at line 9
    Summary:
	inferred   1 Adder/Subtractor(s).
	inferred  34 D-type flip-flop(s).
	inferred   1 Comparator(s).
Unit <top> synthesized.

=========================================================================
HDL Synthesis Report

Macro Statistics
# Adders/Subtractors                                   : 1
 33-bit adder                                          : 1
# Registers                                            : 2
 1-bit register                                        : 1
 33-bit register                                       : 1
# Comparators                                          : 1
 33-bit comparator greater                             : 1

=========================================================================

=========================================================================
*                       Advanced HDL Synthesis                          *
=========================================================================


Synthesizing (advanced) Unit <top>.
The following registers are absorbed into counter <counter>: 1 register on signal <counter>.
Unit <top> synthesized (advanced).

=========================================================================
Advanced HDL Synthesis Report

Macro Statistics
# Counters                                             : 1
 33-bit up counter                                     : 1
# Registers                                            : 1
 Flip-Flops                                            : 1
# Comparators                                          : 1
 33-bit comparator greater                             : 1

=========================================================================

=========================================================================
*                         Low Level Synthesis                           *
=========================================================================

Optimizing unit <top> ...
WARNING:Xst:1710 - FF/Latch <counter_24> (without init value) has a constant value of 0 in block <top>. This FF/Latch will be trimmed during the optimization process.
WARNING:Xst:1895 - Due to other FF/Latch trimming, FF/Latch <counter_25> (without init value) has a constant value of 0 in block <top>. This FF/Latch will be trimmed during the optimization process.
WARNING:Xst:1895 - Due to other FF/Latch trimming, FF/Latch <counter_26> (without init value) has a constant value of 0 in block <top>. This FF/Latch will be trimmed during the optimization process.
WARNING:Xst:1895 - Due to other FF/Latch trimming, FF/Latch <counter_27> (without init value) has a constant value of 0 in block <top>. This FF/Latch will be trimmed during the optimization process.
WARNING:Xst:1895 - Due to other FF/Latch trimming, FF/Latch <counter_28> (without init value) has a constant value of 0 in block <top>. This FF/Latch will be trimmed during the optimization process.
WARNING:Xst:1895 - Due to other FF/Latch trimming, FF/Latch <counter_29> (without init value) has a constant value of 0 in block <top>. This FF/Latch will be trimmed during the optimization process.
WARNING:Xst:1895 - Due to other FF/Latch trimming, FF/Latch <counter_30> (without init value) has a constant value of 0 in block <top>. This FF/Latch will be trimmed during the optimization process.
WARNING:Xst:1895 - Due to other FF/Latch trimming, FF/Latch <counter_31> (without init value) has a constant value of 0 in block <top>. This FF/Latch will be trimmed during the optimization process.
WARNING:Xst:1895 - Due to other FF/Latch trimming, FF/Latch <counter_32> (without init value) has a constant value of 0 in block <top>. This FF/Latch will be trimmed during the optimization process.

Mapping all equations...
Building and optimizing final netlist ...
Found area constraint ratio of 100 (+ 5) on block top, actual ratio is 0.

Final Macro Processing ...

=========================================================================
Final Register Report

Macro Statistics
# Registers                                            : 25
 Flip-Flops                                            : 25

=========================================================================

=========================================================================
*                           Partition Report                            *
=========================================================================

Partition Implementation Status
-------------------------------

  No Partitions were found in this design.

-------------------------------

=========================================================================
*                            Design Summary                             *
=========================================================================

Top Level Output File Name         : top.ngc

Primitive and Black Box Usage:
------------------------------
# BELS                             : 111
#      GND                         : 1
#      INV                         : 2
#      LUT1                        : 23
#      LUT2                        : 24
#      LUT3                        : 1
#      LUT4                        : 2
#      LUT5                        : 4
#      MUXCY                       : 29
#      VCC                         : 1
#      XORCY                       : 24
# FlipFlops/Latches                : 25
#      FD                          : 24
#      FDE                         : 1
# Clock Buffers                    : 1
#      BUFGP                       : 1
# IO Buffers                       : 1
#      OBUF                        : 1

Device utilization summary:
---------------------------

Selected Device : 6slx16ftg256-2 


Slice Logic Utilization: 
 Number of Slice Registers:              25  out of  18224     0%  
 Number of Slice LUTs:                   56  out of   9112     0%  
    Number used as Logic:                56  out of   9112     0%  

Slice Logic Distribution: 
 Number of LUT Flip Flop pairs used:     56
   Number with an unused Flip Flop:      31  out of     56    55%  
   Number with an unused LUT:             0  out of     56     0%  
   Number of fully used LUT-FF pairs:    25  out of     56    44%  
   Number of unique control sets:         2

IO Utilization: 
 Number of IOs:                           2
 Number of bonded IOBs:                   2  out of    186     1%  

Specific Feature Utilization:
 Number of BUFG/BUFGCTRLs:                1  out of     16     6%  

---------------------------
Partition Resource Summary:
---------------------------

  No Partitions were found in this design.

---------------------------


=========================================================================
Timing Report

NOTE: THESE TIMING NUMBERS ARE ONLY A SYNTHESIS ESTIMATE.
      FOR ACCURATE TIMING INFORMATION PLEASE REFER TO THE TRACE REPORT
      GENERATED AFTER PLACE-and-ROUTE.

Clock Information:
------------------
-----------------------------------+------------------------+-------+
Clock Signal                       | Clock buffer(FF name)  | Load  |
-----------------------------------+------------------------+-------+
clk25                              | BUFGP                  | 25    |
-----------------------------------+------------------------+-------+

Asynchronous Control Signals Information:
----------------------------------------
No asynchronous control signals found in this design

Timing Summary:
---------------
Speed Grade: -2

   Minimum period: 4.276ns (Maximum Frequency: 233.850MHz)
   Minimum input arrival time before clock: No path found
   Maximum output required time after clock: 4.162ns
   Maximum combinational path delay: No path found

Timing Details:
---------------
All values displayed in nanoseconds (ns)

=========================================================================
Timing constraint: Default period analysis for Clock 'clk25'
  Clock period: 4.276ns (frequency: 233.850MHz)
  Total number of paths / destination ports: 1051 / 26
-------------------------------------------------------------------------
Delay:               4.276ns (Levels of Logic = 8)
  Source:            counter_6 (FF)
  Destination:       counter_0 (FF)
  Source Clock:      clk25 rising
  Destination Clock: clk25 rising

  Data Path: counter_6 to counter_0
                                Gate     Net
    Cell:in->out      fanout   Delay   Delay  Logical Name (Net Name)
    ----------------------------------------  ------------
     FD:C->Q               3   0.525   1.196  counter_6 (counter_6)
     LUT5:I0->O            1   0.254   0.000  Mcompar_counter[32]_GND_1_o_LessThan_2_o_lut<0> (Mcompar_counter[32]_GND_1_o_LessThan_2_o_lut<0>)
     MUXCY:S->O            1   0.215   0.000  Mcompar_counter[32]_GND_1_o_LessThan_2_o_cy<0> (Mcompar_counter[32]_GND_1_o_LessThan_2_o_cy<0>)
     MUXCY:CI->O           1   0.023   0.000  Mcompar_counter[32]_GND_1_o_LessThan_2_o_cy<1> (Mcompar_counter[32]_GND_1_o_LessThan_2_o_cy<1>)
     MUXCY:CI->O           1   0.023   0.000  Mcompar_counter[32]_GND_1_o_LessThan_2_o_cy<2> (Mcompar_counter[32]_GND_1_o_LessThan_2_o_cy<2>)
     MUXCY:CI->O           1   0.023   0.000  Mcompar_counter[32]_GND_1_o_LessThan_2_o_cy<3> (Mcompar_counter[32]_GND_1_o_LessThan_2_o_cy<3>)
     MUXCY:CI->O           1   0.023   0.000  Mcompar_counter[32]_GND_1_o_LessThan_2_o_cy<4> (Mcompar_counter[32]_GND_1_o_LessThan_2_o_cy<4>)
     MUXCY:CI->O          25   0.262   1.403  Mcompar_counter[32]_GND_1_o_LessThan_2_o_cy<5> (Mcompar_counter[32]_GND_1_o_LessThan_2_o_cy<5>)
     LUT2:I1->O            1   0.254   0.000  counter_0_rstpot (counter_0_rstpot)
     FD:D                      0.074          counter_0
    ----------------------------------------
    Total                      4.276ns (1.677ns logic, 2.599ns route)
                                       (39.2% logic, 60.8% route)

=========================================================================
Timing constraint: Default OFFSET OUT AFTER for Clock 'clk25'
  Total number of paths / destination ports: 1 / 1
-------------------------------------------------------------------------
Offset:              4.162ns (Levels of Logic = 1)
  Source:            user_led (FF)
  Destination:       user_led (PAD)
  Source Clock:      clk25 rising

  Data Path: user_led to user_led
                                Gate     Net
    Cell:in->out      fanout   Delay   Delay  Logical Name (Net Name)
    ----------------------------------------  ------------
     FDE:C->Q              2   0.525   0.725  user_led (user_led_OBUF)
     OBUF:I->O                 2.912          user_led_OBUF (user_led)
    ----------------------------------------
    Total                      4.162ns (3.437ns logic, 0.725ns route)
                                       (82.6% logic, 17.4% route)

=========================================================================

Cross Clock Domains Report:
--------------------------

Clock to Setup on destination clock clk25
---------------+---------+---------+---------+---------+
               | Src:Rise| Src:Fall| Src:Rise| Src:Fall|
Source Clock   |Dest:Rise|Dest:Rise|Dest:Fall|Dest:Fall|
---------------+---------+---------+---------+---------+
clk25          |    4.276|         |         |         |
---------------+---------+---------+---------+---------+

=========================================================================


Total REAL time to Xst completion: 3.00 secs
Total CPU time to Xst completion: 2.59 secs
 
--> 

Total memory usage is 4490664 kilobytes

Number of errors   :    0 (   0 filtered)
Number of warnings :    9 (   0 filtered)
Number of infos    :    0 (   0 filtered)

